[{"group":"Sigma","kind":"individual","document":{"kind":"evtx","path":"C:\\lab\\evidence\\T1218.011-test9\\sysmon.evtx","data":{"Event":{"EventData":{"Image":"C:\\Windows\\System32\\rundll32.exe","RuleName":"-","Description":"Windows host process (Rundll32)","OriginalFileName":"RUNDLL32.EXE","TerminalSessionId":1,"ParentCommandLine":"\"cmd.exe\" /c rundll32.exe pcwutl.dll,LaunchApplication %windir%\\System32\\notepad.exe","Product":"Microsoft┬« Windows┬« Operating System","Company":"Microsoft Corporation","ParentProcessId":8680,"ParentUser":"WINDOWS-10\\Windows-10","LogonGuid":"8D768B46-6C7E-6A99-DFA5-070000000000","Hashes":"MD5=5A43032AEBD51583832EF3E96F5C81DA,SHA256=076592CA1957F8F357CC201F0015072C612F5770AD7DE85F87F254253C754DD7,IMPHASH=F207A867D6098266EE63A3CA677EB0FF","ParentProcessGuid":"8D768B46-666A-6AB5-9509-000000002D00","ProcessId":10264,"CurrentDirectory":"C:\\Users\\WINDOW~1\\AppData\\Local\\Temp\\","ProcessGuid":"8D768B46-666A-6AB5-9709-000000002D00","CommandLine":"rundll32.exe  pcwutl.dll,LaunchApplication C:\\Windows\\System32\\notepad.exe","FileVersion":"10.0.19041.5794 (WinBuild.160101.0800)","User":"WINDOWS-10\\Windows-10","LogonId":"0x7a5df","IntegrityLevel":"High","ParentImage":"C:\\Windows\\System32\\cmd.exe","UtcTime":"2026-09-24 18:05:30.630"},"System":{"EventID":1,"Level":4,"Provider_attributes":{"Name":"Microsoft-Windows-Sysmon","Guid":"5770385F-C22A-43E0-BF4C-06F5698FFBD9"},"Version":5,"Task":1,"Opcode":0,"TimeCreated_attributes":{"SystemTime":"2026-09-24T18:05:30.637112Z"},"Execution_attributes":{"ProcessID":8112,"ThreadID":4288},"Correlation":null,"Keywords":"0x8000000000000000","Security_attributes":{"UserID":"S-1-5-18"},"EventRecordID":3067,"Channel":"Microsoft-Windows-Sysmon/Operational","Computer":"windows-10"}},"Event_attributes":{"xmlns":"http://schemas.microsoft.com/win/2004/08/events/event"}}},"name":"System Binary Proxy Execution: Rundll32.","timestamp":"2026-09-24T18:05:30.637112+00:00","authors":["Asadbek Mamatkarimov"],"level":"medium","source":"sigma","status":"experimental","falsepositives":["╨¥╨╡╨║╨╛╤é╨╛╤Ç╤ï╨╡ ╨╕╨╜╤ü╤é╨░╨╗╨╗╤Å╤é╨╛╤Ç╤ï ╨╕ ╨╛╨▒╨╜╨╛╨▓╨╗╨╡╨╜╨╕╤Å ╨ƒ╨₧ ╨╖╨░╨┐╤â╤ü╨║╨░╤Ä╤é rundll32 ╨╕╨╖ ╨▓╤Ç╨╡╨╝╨╡╨╜╨╜╤ï╤à ╨┐╨░╨┐╨╛╨║","╨¢╨╡╨│╨╕╤é╨╕╨╝╨╜╤ï╨╡ ╨┐╤Ç╨╕╨╗╨╛╨╢╨╡╨╜╨╕╤Å, ╤à╤Ç╨░╨╜╤Å╤ë╨╕╨╡ DLL ╨▓ AppData (╨╜╨░╨┐╤Ç╨╕╨╝╨╡╤Ç, ╤ç╨░╤ü╤é╤î ╨▒╤Ç╨░╤â╨╖╨╡╤Ç╨╜╤ï╤à ╨╕╨╗╨╕ ╨┐╨╛╨╗╤î╨╖╨╛╨▓╨░╤é╨╡╨╗╤î╤ü╨║╨╕╤à ╨┐╤Ç╨╕╨╗╨╛╨╢╨╡╨╜╨╕╨╣)","╨Æ╤ï╨╖╨╛╨▓ ╨┐╨░╨╜╨╡╨╗╨╕ ╤â╨┐╤Ç╨░╨▓╨╗╨╡╨╜╨╕╤Å ╨╖╨▓╤â╨║╨╛╨╝","╨æ╨╗╨╛╨║╨╕╤Ç╨╛╨▓╨║╨░ ╨║╨╛╨╝╨┐╤î╤Ä╤é╨╡╤Ç╨░","╨₧╤é╨║╤Ç╤ï╤é╨╕╨╡ ╨┤╨╕╨░╨╗╨╛╨│╨░ ╨╜╨░╤ü╤é╤Ç╨╛╨╣╨║╨╕ ╨┐╨╡╤ç╨░╤é╨╕ ╨╕╨╗╨╕ ╨┐╤Ç╨╕╨╜╤é╨╡╤Ç╨╛╨▓"],"id":"81002e40-d895-41c5-9699-7c8532543ac2","logsource":{"category":"process_creation","product":"windows"},"references":["https://attack.mitre.org/techniques/T1218/011/"],"tags":["attack.persistence","attack.privilege_escalation","attack.t1218.011"]},{"group":"Sigma","kind":"individual","document":{"kind":"evtx","path":"C:\\lab\\evidence\\T1218.011-test9\\sysmon.evtx","data":{"Event":{"EventData":{"Image":"C:\\Windows\\System32\\rundll32.exe","RuleName":"-","Description":"Windows host process (Rundll32)","OriginalFileName":"RUNDLL32.EXE","TerminalSessionId":1,"ParentCommandLine":"C:\\Windows\\system32\\svchost.exe -k wsappx -p","Product":"Microsoft┬« Windows┬« Operating System","Company":"Microsoft Corporation","ParentProcessId":676,"ParentUser":"NT AUTHORITY\\SYSTEM","LogonGuid":"8D768B46-6C7E-6A99-07A6-070000000000","Hashes":"MD5=5A43032AEBD51583832EF3E96F5C81DA,SHA256=076592CA1957F8F357CC201F0015072C612F5770AD7DE85F87F254253C754DD7,IMPHASH=F207A867D6098266EE63A3CA677EB0FF","ParentProcessGuid":"8D768B46-7A9B-6A99-1E03-000000002D00","ProcessId":10856,"CurrentDirectory":"C:\\Windows\\system32\\","ProcessGuid":"8D768B46-6884-6AB5-BE09-000000002D00","CommandLine":"rundll32.exe AppXDeploymentExtensions.OneCore.dll,ShellRefresh","FileVersion":"10.0.19041.5794 (WinBuild.160101.0800)","User":"WINDOWS-10\\Windows-10","LogonId":"0x7a607","IntegrityLevel":"Medium","ParentImage":"C:\\Windows\\System32\\svchost.exe","UtcTime":"2026-09-24 18:14:28.674"},"System":{"EventID":1,"Level":4,"Provider_attributes":{"Name":"Microsoft-Windows-Sysmon","Guid":"5770385F-C22A-43E0-BF4C-06F5698FFBD9"},"Version":5,"Task":1,"Opcode":0,"TimeCreated_attributes":{"SystemTime":"2026-09-24T18:14:28.713795Z"},"Execution_attributes":{"ProcessID":8112,"ThreadID":4288},"Correlation":null,"Keywords":"0x8000000000000000","Security_attributes":{"UserID":"S-1-5-18"},"EventRecordID":3539,"Channel":"Microsoft-Windows-Sysmon/Operational","Computer":"windows-10"}},"Event_attributes":{"xmlns":"http://schemas.microsoft.com/win/2004/08/events/event"}}},"name":"System Binary Proxy Execution: Rundll32.","timestamp":"2026-09-24T18:14:28.713795+00:00","authors":["Asadbek Mamatkarimov"],"level":"medium","source":"sigma","status":"experimental","falsepositives":["╨¥╨╡╨║╨╛╤é╨╛╤Ç╤ï╨╡ ╨╕╨╜╤ü╤é╨░╨╗╨╗╤Å╤é╨╛╤Ç╤ï ╨╕ ╨╛╨▒╨╜╨╛╨▓╨╗╨╡╨╜╨╕╤Å ╨ƒ╨₧ ╨╖╨░╨┐╤â╤ü╨║╨░╤Ä╤é rundll32 ╨╕╨╖ ╨▓╤Ç╨╡╨╝╨╡╨╜╨╜╤ï╤à ╨┐╨░╨┐╨╛╨║","╨¢╨╡╨│╨╕╤é╨╕╨╝╨╜╤ï╨╡ ╨┐╤Ç╨╕╨╗╨╛╨╢╨╡╨╜╨╕╤Å, ╤à╤Ç╨░╨╜╤Å╤ë╨╕╨╡ DLL ╨▓ AppData (╨╜╨░╨┐╤Ç╨╕╨╝╨╡╤Ç, ╤ç╨░╤ü╤é╤î ╨▒╤Ç╨░╤â╨╖╨╡╤Ç╨╜╤ï╤à ╨╕╨╗╨╕ ╨┐╨╛╨╗╤î╨╖╨╛╨▓╨░╤é╨╡╨╗╤î╤ü╨║╨╕╤à ╨┐╤Ç╨╕╨╗╨╛╨╢╨╡╨╜╨╕╨╣)","╨Æ╤ï╨╖╨╛╨▓ ╨┐╨░╨╜╨╡╨╗╨╕ ╤â╨┐╤Ç╨░╨▓╨╗╨╡╨╜╨╕╤Å ╨╖╨▓╤â╨║╨╛╨╝","╨æ╨╗╨╛╨║╨╕╤Ç╨╛╨▓╨║╨░ ╨║╨╛╨╝╨┐╤î╤Ä╤é╨╡╤Ç╨░","╨₧╤é╨║╤Ç╤ï╤é╨╕╨╡ ╨┤╨╕╨░╨╗╨╛╨│╨░ ╨╜╨░╤ü╤é╤Ç╨╛╨╣╨║╨╕ ╨┐╨╡╤ç╨░╤é╨╕ ╨╕╨╗╨╕ ╨┐╤Ç╨╕╨╜╤é╨╡╤Ç╨╛╨▓"],"id":"81002e40-d895-41c5-9699-7c8532543ac2","logsource":{"category":"process_creation","product":"windows"},"references":["https://attack.mitre.org/techniques/T1218/011/"],"tags":["attack.persistence","attack.privilege_escalation","attack.t1218.011"]},{"group":"Sigma","kind":"individual","document":{"kind":"evtx","path":"C:\\lab\\evidence\\T1218.011-test9\\sysmon.evtx","data":{"Event":{"EventData":{"Image":"C:\\Windows\\System32\\rundll32.exe","RuleName":"-","Description":"Windows host process (Rundll32)","OriginalFileName":"RUNDLL32.EXE","TerminalSessionId":1,"ParentCommandLine":"C:\\Windows\\system32\\svchost.exe -k wsappx -p","Product":"Microsoft┬« Windows┬« Operating System","Company":"Microsoft Corporation","ParentProcessId":676,"ParentUser":"NT AUTHORITY\\SYSTEM","LogonGuid":"8D768B46-6C7E-6A99-07A6-070000000000","Hashes":"MD5=5A43032AEBD51583832EF3E96F5C81DA,SHA256=076592CA1957F8F357CC201F0015072C612F5770AD7DE85F87F254253C754DD7,IMPHASH=F207A867D6098266EE63A3CA677EB0FF","ParentProcessGuid":"8D768B46-7A9B-6A99-1E03-000000002D00","ProcessId":10412,"CurrentDirectory":"C:\\Windows\\system32\\","ProcessGuid":"8D768B46-6902-6AB5-D209-000000002D00","CommandLine":"rundll32.exe AppXDeploymentExtensions.OneCore.dll,ShellRefresh","FileVersion":"10.0.19041.5794 (WinBuild.160101.0800)","User":"WINDOWS-10\\Windows-10","LogonId":"0x7a607","IntegrityLevel":"Medium","ParentImage":"C:\\Windows\\System32\\svchost.exe","UtcTime":"2026-09-24 18:16:34.805"},"System":{"EventID":1,"Level":4,"Provider_attributes":{"Name":"Microsoft-Windows-Sysmon","Guid":"5770385F-C22A-43E0-BF4C-06F5698FFBD9"},"Version":5,"Task":1,"Opcode":0,"TimeCreated_attributes":{"SystemTime":"2026-09-24T18:16:34.810269Z"},"Execution_attributes":{"ProcessID":8112,"ThreadID":4288},"Correlation":null,"Keywords":"0x8000000000000000","Security_attributes":{"UserID":"S-1-5-18"},"EventRecordID":4409,"Channel":"Microsoft-Windows-Sysmon/Operational","Computer":"windows-10"}},"Event_attributes":{"xmlns":"http://schemas.microsoft.com/win/2004/08/events/event"}}},"name":"System Binary Proxy Execution: Rundll32.","timestamp":"2026-09-24T18:16:34.810269+00:00","authors":["Asadbek Mamatkarimov"],"level":"medium","source":"sigma","status":"experimental","falsepositives":["╨¥╨╡╨║╨╛╤é╨╛╤Ç╤ï╨╡ ╨╕╨╜╤ü╤é╨░╨╗╨╗╤Å╤é╨╛╤Ç╤ï ╨╕ ╨╛╨▒╨╜╨╛╨▓╨╗╨╡╨╜╨╕╤Å ╨ƒ╨₧ ╨╖╨░╨┐╤â╤ü╨║╨░╤Ä╤é rundll32 ╨╕╨╖ ╨▓╤Ç╨╡╨╝╨╡╨╜╨╜╤ï╤à ╨┐╨░╨┐╨╛╨║","╨¢╨╡╨│╨╕╤é╨╕╨╝╨╜╤ï╨╡ ╨┐╤Ç╨╕╨╗╨╛╨╢╨╡╨╜╨╕╤Å, ╤à╤Ç╨░╨╜╤Å╤ë╨╕╨╡ DLL ╨▓ AppData (╨╜╨░╨┐╤Ç╨╕╨╝╨╡╤Ç, ╤ç╨░╤ü╤é╤î ╨▒╤Ç╨░╤â╨╖╨╡╤Ç╨╜╤ï╤à ╨╕╨╗╨╕ ╨┐╨╛╨╗╤î╨╖╨╛╨▓╨░╤é╨╡╨╗╤î╤ü╨║╨╕╤à ╨┐╤Ç╨╕╨╗╨╛╨╢╨╡╨╜╨╕╨╣)","╨Æ╤ï╨╖╨╛╨▓ ╨┐╨░╨╜╨╡╨╗╨╕ ╤â╨┐╤Ç╨░╨▓╨╗╨╡╨╜╨╕╤Å ╨╖╨▓╤â╨║╨╛╨╝","╨æ╨╗╨╛╨║╨╕╤Ç╨╛╨▓╨║╨░ ╨║╨╛╨╝╨┐╤î╤Ä╤é╨╡╤Ç╨░","╨₧╤é╨║╤Ç╤ï╤é╨╕╨╡ ╨┤╨╕╨░╨╗╨╛╨│╨░ ╨╜╨░╤ü╤é╤Ç╨╛╨╣╨║╨╕ ╨┐╨╡╤ç╨░╤é╨╕ ╨╕╨╗╨╕ ╨┐╤Ç╨╕╨╜╤é╨╡╤Ç╨╛╨▓"],"id":"81002e40-d895-41c5-9699-7c8532543ac2","logsource":{"category":"process_creation","product":"windows"},"references":["https://attack.mitre.org/techniques/T1218/011/"],"tags":["attack.persistence","attack.privilege_escalation","attack.t1218.011"]},{"group":"Sigma","kind":"individual","document":{"kind":"evtx","path":"C:\\lab\\evidence\\T1218.011-test9\\sysmon.evtx","data":{"Event":{"EventData":{"Image":"C:\\Windows\\System32\\rundll32.exe","RuleName":"-","Description":"Windows host process (Rundll32)","OriginalFileName":"RUNDLL32.EXE","TerminalSessionId":1,"ParentCommandLine":"C:\\Windows\\system32\\svchost.exe -k wsappx -p","Product":"Microsoft┬« Windows┬« Operating System","Company":"Microsoft Corporation","ParentProcessId":676,"ParentUser":"NT AUTHORITY\\SYSTEM","LogonGuid":"8D768B46-6C7E-6A99-07A6-070000000000","Hashes":"MD5=5A43032AEBD51583832EF3E96F5C81DA,SHA256=076592CA1957F8F357CC201F0015072C612F5770AD7DE85F87F254253C754DD7,IMPHASH=F207A867D6098266EE63A3CA677EB0FF","ParentProcessGuid":"8D768B46-7A9B-6A99-1E03-000000002D00","ProcessId":10872,"CurrentDirectory":"C:\\Windows\\system32\\","ProcessGuid":"8D768B46-6AB9-6AB5-F109-000000002D00","CommandLine":"rundll32.exe AppXDeploymentExtensions.OneCore.dll,ShellRefresh","FileVersion":"10.0.19041.5794 (WinBuild.160101.0800)","User":"WINDOWS-10\\Windows-10","LogonId":"0x7a607","IntegrityLevel":"Medium","ParentImage":"C:\\Windows\\System32\\svchost.exe","UtcTime":"2026-09-24 18:23:53.311"},"System":{"EventID":1,"Level":4,"Provider_attributes":{"Name":"Microsoft-Windows-Sysmon","Guid":"5770385F-C22A-43E0-BF4C-06F5698FFBD9"},"Version":5,"Task":1,"Opcode":0,"TimeCreated_attributes":{"SystemTime":"2026-09-24T18:23:53.313151Z"},"Execution_attributes":{"ProcessID":8112,"ThreadID":4288},"Correlation":null,"Keywords":"0x8000000000000000","Security_attributes":{"UserID":"S-1-5-18"},"EventRecordID":4758,"Channel":"Microsoft-Windows-Sysmon/Operational","Computer":"windows-10"}},"Event_attributes":{"xmlns":"http://schemas.microsoft.com/win/2004/08/events/event"}}},"name":"System Binary Proxy Execution: Rundll32.","timestamp":"2026-09-24T18:23:53.313151+00:00","authors":["Asadbek Mamatkarimov"],"level":"medium","source":"sigma","status":"experimental","falsepositives":["╨¥╨╡╨║╨╛╤é╨╛╤Ç╤ï╨╡ ╨╕╨╜╤ü╤é╨░╨╗╨╗╤Å╤é╨╛╤Ç╤ï ╨╕ ╨╛╨▒╨╜╨╛╨▓╨╗╨╡╨╜╨╕╤Å ╨ƒ╨₧ ╨╖╨░╨┐╤â╤ü╨║╨░╤Ä╤é rundll32 ╨╕╨╖ ╨▓╤Ç╨╡╨╝╨╡╨╜╨╜╤ï╤à ╨┐╨░╨┐╨╛╨║","╨¢╨╡╨│╨╕╤é╨╕╨╝╨╜╤ï╨╡ ╨┐╤Ç╨╕╨╗╨╛╨╢╨╡╨╜╨╕╤Å, ╤à╤Ç╨░╨╜╤Å╤ë╨╕╨╡ DLL ╨▓ AppData (╨╜╨░╨┐╤Ç╨╕╨╝╨╡╤Ç, ╤ç╨░╤ü╤é╤î ╨▒╤Ç╨░╤â╨╖╨╡╤Ç╨╜╤ï╤à ╨╕╨╗╨╕ ╨┐╨╛╨╗╤î╨╖╨╛╨▓╨░╤é╨╡╨╗╤î╤ü╨║╨╕╤à ╨┐╤Ç╨╕╨╗╨╛╨╢╨╡╨╜╨╕╨╣)","╨Æ╤ï╨╖╨╛╨▓ ╨┐╨░╨╜╨╡╨╗╨╕ ╤â╨┐╤Ç╨░╨▓╨╗╨╡╨╜╨╕╤Å ╨╖╨▓╤â╨║╨╛╨╝","╨æ╨╗╨╛╨║╨╕╤Ç╨╛╨▓╨║╨░ ╨║╨╛╨╝╨┐╤î╤Ä╤é╨╡╤Ç╨░","╨₧╤é╨║╤Ç╤ï╤é╨╕╨╡ ╨┤╨╕╨░╨╗╨╛╨│╨░ ╨╜╨░╤ü╤é╤Ç╨╛╨╣╨║╨╕ ╨┐╨╡╤ç╨░╤é╨╕ ╨╕╨╗╨╕ ╨┐╤Ç╨╕╨╜╤é╨╡╤Ç╨╛╨▓"],"id":"81002e40-d895-41c5-9699-7c8532543ac2","logsource":{"category":"process_creation","product":"windows"},"references":["https://attack.mitre.org/techniques/T1218/011/"],"tags":["attack.persistence","attack.privilege_escalation","attack.t1218.011"]},{"group":"Sigma","kind":"individual","document":{"kind":"evtx","path":"C:\\lab\\evidence\\T1218.011-test9\\sysmon.evtx","data":{"Event":{"EventData":{"Image":"C:\\Windows\\System32\\rundll32.exe","RuleName":"-","Description":"Windows host process (Rundll32)","OriginalFileName":"RUNDLL32.EXE","TerminalSessionId":1,"ParentCommandLine":"C:\\Windows\\system32\\svchost.exe -k netsvcs -p","Product":"Microsoft┬« Windows┬« Operating System","Company":"Microsoft Corporation","ParentProcessId":392,"ParentUser":"NT AUTHORITY\\SYSTEM","LogonGuid":"8D768B46-6C7E-6A99-07A6-070000000000","Hashes":"MD5=5A43032AEBD51583832EF3E96F5C81DA,SHA256=076592CA1957F8F357CC201F0015072C612F5770AD7DE85F87F254253C754DD7,IMPHASH=F207A867D6098266EE63A3CA677EB0FF","ParentProcessGuid":"8D768B46-6C6D-6A99-1300-000000002D00","ProcessId":11024,"CurrentDirectory":"C:\\Windows\\system32\\","ProcessGuid":"8D768B46-2393-6AB8-7508-000000002D00","CommandLine":"\"C:\\Windows\\system32\\rundll32.exe\" C:\\Windows\\system32\\PcaSvc.dll,PcaWallpaperAppDetect","FileVersion":"10.0.19041.5794 (WinBuild.160101.0800)","User":"WINDOWS-10\\Windows-10","LogonId":"0x7a607","IntegrityLevel":"Medium","ParentImage":"C:\\Windows\\System32\\svchost.exe","UtcTime":"2026-09-26 19:57:07.630"},"System":{"EventID":1,"Level":4,"Provider_attributes":{"Name":"Microsoft-Windows-Sysmon","Guid":"5770385F-C22A-43E0-BF4C-06F5698FFBD9"},"Version":5,"Task":1,"Opcode":0,"TimeCreated_attributes":{"SystemTime":"2026-09-26T19:57:07.644920Z"},"Execution_attributes":{"ProcessID":8112,"ThreadID":4288},"Correlation":null,"Keywords":"0x8000000000000000","Security_attributes":{"UserID":"S-1-5-18"},"EventRecordID":2873,"Channel":"Microsoft-Windows-Sysmon/Operational","Computer":"windows-10"}},"Event_attributes":{"xmlns":"http://schemas.microsoft.com/win/2004/08/events/event"}}},"name":"System Binary Proxy Execution: Rundll32.","timestamp":"2026-09-26T19:57:07.644920+00:00","authors":["Asadbek Mamatkarimov"],"level":"medium","source":"sigma","status":"experimental","falsepositives":["╨¥╨╡╨║╨╛╤é╨╛╤Ç╤ï╨╡ ╨╕╨╜╤ü╤é╨░╨╗╨╗╤Å╤é╨╛╤Ç╤ï ╨╕ ╨╛╨▒╨╜╨╛╨▓╨╗╨╡╨╜╨╕╤Å ╨ƒ╨₧ ╨╖╨░╨┐╤â╤ü╨║╨░╤Ä╤é rundll32 ╨╕╨╖ ╨▓╤Ç╨╡╨╝╨╡╨╜╨╜╤ï╤à ╨┐╨░╨┐╨╛╨║","╨¢╨╡╨│╨╕╤é╨╕╨╝╨╜╤ï╨╡ ╨┐╤Ç╨╕╨╗╨╛╨╢╨╡╨╜╨╕╤Å, ╤à╤Ç╨░╨╜╤Å╤ë╨╕╨╡ DLL ╨▓ AppData (╨╜╨░╨┐╤Ç╨╕╨╝╨╡╤Ç, ╤ç╨░╤ü╤é╤î ╨▒╤Ç╨░╤â╨╖╨╡╤Ç╨╜╤ï╤à ╨╕╨╗╨╕ ╨┐╨╛╨╗╤î╨╖╨╛╨▓╨░╤é╨╡╨╗╤î╤ü╨║╨╕╤à ╨┐╤Ç╨╕╨╗╨╛╨╢╨╡╨╜╨╕╨╣)","╨Æ╤ï╨╖╨╛╨▓ ╨┐╨░╨╜╨╡╨╗╨╕ ╤â╨┐╤Ç╨░╨▓╨╗╨╡╨╜╨╕╤Å ╨╖╨▓╤â╨║╨╛╨╝","╨æ╨╗╨╛╨║╨╕╤Ç╨╛╨▓╨║╨░ ╨║╨╛╨╝╨┐╤î╤Ä╤é╨╡╤Ç╨░","╨₧╤é╨║╤Ç╤ï╤é╨╕╨╡ ╨┤╨╕╨░╨╗╨╛╨│╨░ ╨╜╨░╤ü╤é╤Ç╨╛╨╣╨║╨╕ ╨┐╨╡╤ç╨░╤é╨╕ ╨╕╨╗╨╕ ╨┐╤Ç╨╕╨╜╤é╨╡╤Ç╨╛╨▓"],"id":"81002e40-d895-41c5-9699-7c8532543ac2","logsource":{"category":"process_creation","product":"windows"},"references":["https://attack.mitre.org/techniques/T1218/011/"],"tags":["attack.persistence","attack.privilege_escalation","attack.t1218.011"]},{"group":"Sigma","kind":"individual","document":{"kind":"evtx","path":"C:\\lab\\evidence\\T1218.011-test9\\sysmon.evtx","data":{"Event":{"EventData":{"Image":"C:\\Windows\\System32\\rundll32.exe","RuleName":"-","Description":"Windows host process (Rundll32)","OriginalFileName":"RUNDLL32.EXE","TerminalSessionId":0,"ParentCommandLine":"C:\\Windows\\system32\\svchost.exe -k netsvcs -p","Product":"Microsoft┬« Windows┬« Operating System","Company":"Microsoft Corporation","ParentProcessId":392,"ParentUser":"NT AUTHORITY\\SYSTEM","LogonGuid":"8D768B46-6C6D-6A99-E703-000000000000","Hashes":"MD5=5A43032AEBD51583832EF3E96F5C81DA,SHA256=076592CA1957F8F357CC201F0015072C612F5770AD7DE85F87F254253C754DD7,IMPHASH=F207A867D6098266EE63A3CA677EB0FF","ParentProcessGuid":"8D768B46-6C6D-6A99-1300-000000002D00","ProcessId":5516,"CurrentDirectory":"C:\\Windows\\system32\\","ProcessGuid":"8D768B46-2397-6AB8-B808-000000002D00","CommandLine":"\"C:\\Windows\\system32\\rundll32.exe\" C:\\Windows\\system32\\PcaSvc.dll,PcaPatchSdbTask","FileVersion":"10.0.19041.5794 (WinBuild.160101.0800)","User":"NT AUTHORITY\\SYSTEM","LogonId":"0x3e7","IntegrityLevel":"System","ParentImage":"C:\\Windows\\System32\\svchost.exe","UtcTime":"2026-09-26 19:57:11.817"},"System":{"EventID":1,"Level":4,"Provider_attributes":{"Name":"Microsoft-Windows-Sysmon","Guid":"5770385F-C22A-43E0-BF4C-06F5698FFBD9"},"Version":5,"Task":1,"Opcode":0,"TimeCreated_attributes":{"SystemTime":"2026-09-26T19:57:11.827542Z"},"Execution_attributes":{"ProcessID":8112,"ThreadID":4288},"Correlation":null,"Keywords":"0x8000000000000000","Security_attributes":{"UserID":"S-1-5-18"},"EventRecordID":2921,"Channel":"Microsoft-Windows-Sysmon/Operational","Computer":"windows-10"}},"Event_attributes":{"xmlns":"http://schemas.microsoft.com/win/2004/08/events/event"}}},"name":"System Binary Proxy Execution: Rundll32.","timestamp":"2026-09-26T19:57:11.827542+00:00","authors":["Asadbek Mamatkarimov"],"level":"medium","source":"sigma","status":"experimental","falsepositives":["╨¥╨╡╨║╨╛╤é╨╛╤Ç╤ï╨╡ ╨╕╨╜╤ü╤é╨░╨╗╨╗╤Å╤é╨╛╤Ç╤ï ╨╕ ╨╛╨▒╨╜╨╛╨▓╨╗╨╡╨╜╨╕╤Å ╨ƒ╨₧ ╨╖╨░╨┐╤â╤ü╨║╨░╤Ä╤é rundll32 ╨╕╨╖ ╨▓╤Ç╨╡╨╝╨╡╨╜╨╜╤ï╤à ╨┐╨░╨┐╨╛╨║","╨¢╨╡╨│╨╕╤é╨╕╨╝╨╜╤ï╨╡ ╨┐╤Ç╨╕╨╗╨╛╨╢╨╡╨╜╨╕╤Å, ╤à╤Ç╨░╨╜╤Å╤ë╨╕╨╡ DLL ╨▓ AppData (╨╜╨░╨┐╤Ç╨╕╨╝╨╡╤Ç, ╤ç╨░╤ü╤é╤î ╨▒╤Ç╨░╤â╨╖╨╡╤Ç╨╜╤ï╤à ╨╕╨╗╨╕ ╨┐╨╛╨╗╤î╨╖╨╛╨▓╨░╤é╨╡╨╗╤î╤ü╨║╨╕╤à ╨┐╤Ç╨╕╨╗╨╛╨╢╨╡╨╜╨╕╨╣)","╨Æ╤ï╨╖╨╛╨▓ ╨┐╨░╨╜╨╡╨╗╨╕ ╤â╨┐╤Ç╨░╨▓╨╗╨╡╨╜╨╕╤Å ╨╖╨▓╤â╨║╨╛╨╝","╨æ╨╗╨╛╨║╨╕╤Ç╨╛╨▓╨║╨░ ╨║╨╛╨╝╨┐╤î╤Ä╤é╨╡╤Ç╨░","╨₧╤é╨║╤Ç╤ï╤é╨╕╨╡ ╨┤╨╕╨░╨╗╨╛╨│╨░ ╨╜╨░╤ü╤é╤Ç╨╛╨╣╨║╨╕ ╨┐╨╡╤ç╨░╤é╨╕ ╨╕╨╗╨╕ ╨┐╤Ç╨╕╨╜╤é╨╡╤Ç╨╛╨▓"],"id":"81002e40-d895-41c5-9699-7c8532543ac2","logsource":{"category":"process_creation","product":"windows"},"references":["https://attack.mitre.org/techniques/T1218/011/"],"tags":["attack.persistence","attack.privilege_escalation","attack.t1218.011"]}]
