[{"group":"Sigma","kind":"individual","document":{"kind":"evtx","path":"C:\\lab\\evidence\\T1053.005-test1\\sysmon.evtx","data":{"Event":{"EventData":{"Image":"C:\\Windows\\System32\\schtasks.exe","RuleName":"-","Description":"Task Scheduler Configuration Tool","OriginalFileName":"schtasks.exe","TerminalSessionId":1,"ParentCommandLine":"\"cmd.exe\" /c schtasks /create /tn \"T1053_005_OnLogon\" /sc onlogon /tr \"cmd.exe /c calc.exe\" & schtasks /create /tn \"T1053_005_OnStartup\" /sc onstart /ru system /tr \"cmd.exe /c calc.exe\"","Product":"Microsoft┬« Windows┬« Operating System","Company":"Microsoft Corporation","ParentProcessId":8584,"ParentUser":"WINDOWS-10\\Windows-10","LogonGuid":"8D768B46-6C7E-6A99-DFA5-070000000000","Hashes":"MD5=2C400322E4F96C1FEDB0F890C7668C92,SHA256=2327E073DCF25AE03DC851EA0F3414980D3168FA959F42C5F77BE1381AE6C41D,IMPHASH=7C296BC1AA0738F0783F000C5982A642","ParentProcessGuid":"8D768B46-E849-6AAE-8606-000000002D00","ProcessId":8748,"CurrentDirectory":"C:\\Users\\WINDOW~1\\AppData\\Local\\Temp\\","ProcessGuid":"8D768B46-E849-6AAE-8806-000000002D00","CommandLine":"schtasks  /create /tn \"T1053_005_OnLogon\" /sc onlogon /tr \"cmd.exe /c calc.exe\" ","FileVersion":"10.0.19041.5965 (WinBuild.160101.0800)","User":"WINDOWS-10\\Windows-10","LogonId":"0x7a5df","IntegrityLevel":"High","ParentImage":"C:\\Windows\\System32\\cmd.exe","UtcTime":"2026-09-19 19:53:45.799"},"System":{"EventID":1,"Level":4,"Provider_attributes":{"Name":"Microsoft-Windows-Sysmon","Guid":"5770385F-C22A-43E0-BF4C-06F5698FFBD9"},"Version":5,"Task":1,"Opcode":0,"TimeCreated_attributes":{"SystemTime":"2026-09-19T19:53:45.810349Z"},"Execution_attributes":{"ProcessID":8112,"ThreadID":4288},"Correlation":null,"Keywords":"0x8000000000000000","Security_attributes":{"UserID":"S-1-5-18"},"EventRecordID":1997,"Channel":"Microsoft-Windows-Sysmon/Operational","Computer":"windows-10"}},"Event_attributes":{"xmlns":"http://schemas.microsoft.com/win/2004/08/events/event"}}},"name":"Scheduled Task/Job Creation","timestamp":"2026-09-19T19:53:45.810349+00:00","authors":["Asadbek Mamatkarimov"],"level":"medium","source":"sigma","status":"experimental","falsepositives":["Windows Defender (Verification, CacheMaintenance, Cleanup) ΓÇö ╤Ç╨╡╨│╤â╨╗╤Å╤Ç╨╜╨╛╨╡ ╤ü╨║╨░╨╜╨╕╤Ç╨╛╨▓╨░╨╜╨╕╨╡ ╤ü╨╕╤ü╤é╨╡╨╝╤ï ╨░╨╜╤é╨╕╨▓╨╕╤Ç╤â╤ü╨╛╨╝ ┬½╨ù╨░╤ë╨╕╤é╨╜╨╕╨║ Windows┬╗, ╨╛╨▒╨╜╨╛╨▓╨╗╨╡╨╜╨╕╨╡ ╨╡╨│╨╛ ╨▒╨░╨╖ ╨╕ ╨╛╤ç╨╕╤ü╤é╨║╨░ ╨║╤ì╤ê╨░","Application Experience (Microsoft Compatibility Appraiser) ΓÇö ╤ü╨▒╨╛╤Ç ╨┤╨░╨╜╨╜╤ï╤à ╤é╨╡╨╗╨╡╨╝╨╡╤é╤Ç╨╕╨╕ ╨┤╨╗╤Å ╨╛╤å╨╡╨╜╨║╨╕ ╤ü╨╛╨▓╨╝╨╡╤ü╤é╨╕╨╝╨╛╤ü╤é╨╕ ╨┐╤Ç╨╕╨╗╨╛╨╢╨╡╨╜╨╕╨╣ (╤ç╨░╤ü╤é╨╛ ╨╜╨░╨│╤Ç╤â╨╢╨░╨╡╤é ╨┐╤Ç╨╛╤å╨╡╤ü╤ü╨╛╤Ç, ╨╜╨╛ ╤Å╨▓╨╗╤Å╨╡╤é╤ü╤Å ╨╗╨╡╨│╨╕╤é╨╕╨╝╨╜╤ï╨╝ ╨┐╤Ç╨╛╤å╨╡╤ü╤ü╨╛╨╝ Microsoft)","Google Update (GoogleUpdateTaskMachineUA, GoogleUpdateTaskMachineCore) ΓÇö ╨╛╨▒╨╜╨╛╨▓╨╗╨╡╨╜╨╕╨╡ ╨▒╤Ç╨░╤â╨╖╨╡╤Ç╨░ Google Chrome ╨╕ ╨┤╤Ç╤â╨│╨╕╤à ╤ü╨╡╤Ç╨▓╨╕╤ü╨╛╨▓ Google","Mozilla Maintenance Service ΓÇö ╨╛╨▒╨╜╨╛╨▓╨╗╨╡╨╜╨╕╨╡ ╨▒╤Ç╨░╤â╨╖╨╡╤Ç╨░ Firefox","Adobe Acrobat Update Task ΓÇö ╨░╨▓╤é╨╛╨╝╨░╤é╨╕╤ç╨╡╤ü╨║╨╛╨╡ ╨╛╨▒╨╜╨╛╨▓╨╗╨╡╨╜╨╕╨╡ ╨┐╤Ç╨╛╨┤╤â╨║╤é╨╛╨▓ Adobe (Reader, Photoshop ╨╕ ╨┤╤Ç.)"],"id":"36842073-3a10-4171-b2e7-35addafd153d","logsource":{"category":"process_creation","product":"windows"},"references":["https://attack.mitre.org/techniques/T1053/005/"],"tags":["attack.persistence","attack.t1053.005"]},{"group":"Sigma","kind":"individual","document":{"kind":"evtx","path":"C:\\lab\\evidence\\T1053.005-test1\\sysmon.evtx","data":{"Event":{"EventData":{"Image":"C:\\Windows\\System32\\schtasks.exe","RuleName":"-","Description":"Task Scheduler Configuration Tool","OriginalFileName":"schtasks.exe","TerminalSessionId":1,"ParentCommandLine":"\"cmd.exe\" /c schtasks /create /tn \"T1053_005_OnLogon\" /sc onlogon /tr \"cmd.exe /c calc.exe\" & schtasks /create /tn \"T1053_005_OnStartup\" /sc onstart /ru system /tr \"cmd.exe /c calc.exe\"","Product":"Microsoft┬« Windows┬« Operating System","Company":"Microsoft Corporation","ParentProcessId":8584,"ParentUser":"WINDOWS-10\\Windows-10","LogonGuid":"8D768B46-6C7E-6A99-DFA5-070000000000","Hashes":"MD5=2C400322E4F96C1FEDB0F890C7668C92,SHA256=2327E073DCF25AE03DC851EA0F3414980D3168FA959F42C5F77BE1381AE6C41D,IMPHASH=7C296BC1AA0738F0783F000C5982A642","ParentProcessGuid":"8D768B46-E849-6AAE-8606-000000002D00","ProcessId":6836,"CurrentDirectory":"C:\\Users\\WINDOW~1\\AppData\\Local\\Temp\\","ProcessGuid":"8D768B46-E84B-6AAE-8906-000000002D00","CommandLine":"schtasks  /create /tn \"T1053_005_OnStartup\" /sc onstart /ru system /tr \"cmd.exe /c calc.exe\"","FileVersion":"10.0.19041.5965 (WinBuild.160101.0800)","User":"WINDOWS-10\\Windows-10","LogonId":"0x7a5df","IntegrityLevel":"High","ParentImage":"C:\\Windows\\System32\\cmd.exe","UtcTime":"2026-09-19 19:53:47.928"},"System":{"EventID":1,"Level":4,"Provider_attributes":{"Name":"Microsoft-Windows-Sysmon","Guid":"5770385F-C22A-43E0-BF4C-06F5698FFBD9"},"Version":5,"Task":1,"Opcode":0,"TimeCreated_attributes":{"SystemTime":"2026-09-19T19:53:47.934571Z"},"Execution_attributes":{"ProcessID":8112,"ThreadID":4288},"Correlation":null,"Keywords":"0x8000000000000000","Security_attributes":{"UserID":"S-1-5-18"},"EventRecordID":1999,"Channel":"Microsoft-Windows-Sysmon/Operational","Computer":"windows-10"}},"Event_attributes":{"xmlns":"http://schemas.microsoft.com/win/2004/08/events/event"}}},"name":"Scheduled Task/Job Creation","timestamp":"2026-09-19T19:53:47.934571+00:00","authors":["Asadbek Mamatkarimov"],"level":"medium","source":"sigma","status":"experimental","falsepositives":["Windows Defender (Verification, CacheMaintenance, Cleanup) ΓÇö ╤Ç╨╡╨│╤â╨╗╤Å╤Ç╨╜╨╛╨╡ ╤ü╨║╨░╨╜╨╕╤Ç╨╛╨▓╨░╨╜╨╕╨╡ ╤ü╨╕╤ü╤é╨╡╨╝╤ï ╨░╨╜╤é╨╕╨▓╨╕╤Ç╤â╤ü╨╛╨╝ ┬½╨ù╨░╤ë╨╕╤é╨╜╨╕╨║ Windows┬╗, ╨╛╨▒╨╜╨╛╨▓╨╗╨╡╨╜╨╕╨╡ ╨╡╨│╨╛ ╨▒╨░╨╖ ╨╕ ╨╛╤ç╨╕╤ü╤é╨║╨░ ╨║╤ì╤ê╨░","Application Experience (Microsoft Compatibility Appraiser) ΓÇö ╤ü╨▒╨╛╤Ç ╨┤╨░╨╜╨╜╤ï╤à ╤é╨╡╨╗╨╡╨╝╨╡╤é╤Ç╨╕╨╕ ╨┤╨╗╤Å ╨╛╤å╨╡╨╜╨║╨╕ ╤ü╨╛╨▓╨╝╨╡╤ü╤é╨╕╨╝╨╛╤ü╤é╨╕ ╨┐╤Ç╨╕╨╗╨╛╨╢╨╡╨╜╨╕╨╣ (╤ç╨░╤ü╤é╨╛ ╨╜╨░╨│╤Ç╤â╨╢╨░╨╡╤é ╨┐╤Ç╨╛╤å╨╡╤ü╤ü╨╛╤Ç, ╨╜╨╛ ╤Å╨▓╨╗╤Å╨╡╤é╤ü╤Å ╨╗╨╡╨│╨╕╤é╨╕╨╝╨╜╤ï╨╝ ╨┐╤Ç╨╛╤å╨╡╤ü╤ü╨╛╨╝ Microsoft)","Google Update (GoogleUpdateTaskMachineUA, GoogleUpdateTaskMachineCore) ΓÇö ╨╛╨▒╨╜╨╛╨▓╨╗╨╡╨╜╨╕╨╡ ╨▒╤Ç╨░╤â╨╖╨╡╤Ç╨░ Google Chrome ╨╕ ╨┤╤Ç╤â╨│╨╕╤à ╤ü╨╡╤Ç╨▓╨╕╤ü╨╛╨▓ Google","Mozilla Maintenance Service ΓÇö ╨╛╨▒╨╜╨╛╨▓╨╗╨╡╨╜╨╕╨╡ ╨▒╤Ç╨░╤â╨╖╨╡╤Ç╨░ Firefox","Adobe Acrobat Update Task ΓÇö ╨░╨▓╤é╨╛╨╝╨░╤é╨╕╤ç╨╡╤ü╨║╨╛╨╡ ╨╛╨▒╨╜╨╛╨▓╨╗╨╡╨╜╨╕╨╡ ╨┐╤Ç╨╛╨┤╤â╨║╤é╨╛╨▓ Adobe (Reader, Photoshop ╨╕ ╨┤╤Ç.)"],"id":"36842073-3a10-4171-b2e7-35addafd153d","logsource":{"category":"process_creation","product":"windows"},"references":["https://attack.mitre.org/techniques/T1053/005/"],"tags":["attack.persistence","attack.t1053.005"]},{"group":"Sigma","kind":"individual","document":{"kind":"evtx","path":"C:\\lab\\evidence\\T1053.005-test1\\sysmon.evtx","data":{"Event":{"EventData":{"Image":"C:\\Windows\\System32\\schtasks.exe","RuleName":"-","Description":"Task Scheduler Configuration Tool","OriginalFileName":"schtasks.exe","TerminalSessionId":1,"ParentCommandLine":"\"cmd.exe\" /c schtasks /create /tn \"T1053_005_OnLogon\" /sc onlogon /tr \"cmd.exe /c calc.exe\" & schtasks /create /tn \"T1053_005_OnStartup\" /sc onstart /ru system /tr \"cmd.exe /c calc.exe\"","Product":"Microsoft┬« Windows┬« Operating System","Company":"Microsoft Corporation","ParentProcessId":10116,"ParentUser":"WINDOWS-10\\Windows-10","LogonGuid":"8D768B46-6C7E-6A99-DFA5-070000000000","Hashes":"MD5=2C400322E4F96C1FEDB0F890C7668C92,SHA256=2327E073DCF25AE03DC851EA0F3414980D3168FA959F42C5F77BE1381AE6C41D,IMPHASH=7C296BC1AA0738F0783F000C5982A642","ParentProcessGuid":"8D768B46-EAEE-6AAE-A308-000000002D00","ProcessId":9900,"CurrentDirectory":"C:\\Users\\WINDOW~1\\AppData\\Local\\Temp\\","ProcessGuid":"8D768B46-EAEE-6AAE-A508-000000002D00","CommandLine":"schtasks  /create /tn \"T1053_005_OnLogon\" /sc onlogon /tr \"cmd.exe /c calc.exe\" ","FileVersion":"10.0.19041.5965 (WinBuild.160101.0800)","User":"WINDOWS-10\\Windows-10","LogonId":"0x7a5df","IntegrityLevel":"High","ParentImage":"C:\\Windows\\System32\\cmd.exe","UtcTime":"2026-09-19 20:05:02.784"},"System":{"EventID":1,"Level":4,"Provider_attributes":{"Name":"Microsoft-Windows-Sysmon","Guid":"5770385F-C22A-43E0-BF4C-06F5698FFBD9"},"Version":5,"Task":1,"Opcode":0,"TimeCreated_attributes":{"SystemTime":"2026-09-19T20:05:02.792025Z"},"Execution_attributes":{"ProcessID":8112,"ThreadID":4288},"Correlation":null,"Keywords":"0x8000000000000000","Security_attributes":{"UserID":"S-1-5-18"},"EventRecordID":2343,"Channel":"Microsoft-Windows-Sysmon/Operational","Computer":"windows-10"}},"Event_attributes":{"xmlns":"http://schemas.microsoft.com/win/2004/08/events/event"}}},"name":"Scheduled Task/Job Creation","timestamp":"2026-09-19T20:05:02.792025+00:00","authors":["Asadbek Mamatkarimov"],"level":"medium","source":"sigma","status":"experimental","falsepositives":["Windows Defender (Verification, CacheMaintenance, Cleanup) ΓÇö ╤Ç╨╡╨│╤â╨╗╤Å╤Ç╨╜╨╛╨╡ ╤ü╨║╨░╨╜╨╕╤Ç╨╛╨▓╨░╨╜╨╕╨╡ ╤ü╨╕╤ü╤é╨╡╨╝╤ï ╨░╨╜╤é╨╕╨▓╨╕╤Ç╤â╤ü╨╛╨╝ ┬½╨ù╨░╤ë╨╕╤é╨╜╨╕╨║ Windows┬╗, ╨╛╨▒╨╜╨╛╨▓╨╗╨╡╨╜╨╕╨╡ ╨╡╨│╨╛ ╨▒╨░╨╖ ╨╕ ╨╛╤ç╨╕╤ü╤é╨║╨░ ╨║╤ì╤ê╨░","Application Experience (Microsoft Compatibility Appraiser) ΓÇö ╤ü╨▒╨╛╤Ç ╨┤╨░╨╜╨╜╤ï╤à ╤é╨╡╨╗╨╡╨╝╨╡╤é╤Ç╨╕╨╕ ╨┤╨╗╤Å ╨╛╤å╨╡╨╜╨║╨╕ ╤ü╨╛╨▓╨╝╨╡╤ü╤é╨╕╨╝╨╛╤ü╤é╨╕ ╨┐╤Ç╨╕╨╗╨╛╨╢╨╡╨╜╨╕╨╣ (╤ç╨░╤ü╤é╨╛ ╨╜╨░╨│╤Ç╤â╨╢╨░╨╡╤é ╨┐╤Ç╨╛╤å╨╡╤ü╤ü╨╛╤Ç, ╨╜╨╛ ╤Å╨▓╨╗╤Å╨╡╤é╤ü╤Å ╨╗╨╡╨│╨╕╤é╨╕╨╝╨╜╤ï╨╝ ╨┐╤Ç╨╛╤å╨╡╤ü╤ü╨╛╨╝ Microsoft)","Google Update (GoogleUpdateTaskMachineUA, GoogleUpdateTaskMachineCore) ΓÇö ╨╛╨▒╨╜╨╛╨▓╨╗╨╡╨╜╨╕╨╡ ╨▒╤Ç╨░╤â╨╖╨╡╤Ç╨░ Google Chrome ╨╕ ╨┤╤Ç╤â╨│╨╕╤à ╤ü╨╡╤Ç╨▓╨╕╤ü╨╛╨▓ Google","Mozilla Maintenance Service ΓÇö ╨╛╨▒╨╜╨╛╨▓╨╗╨╡╨╜╨╕╨╡ ╨▒╤Ç╨░╤â╨╖╨╡╤Ç╨░ Firefox","Adobe Acrobat Update Task ΓÇö ╨░╨▓╤é╨╛╨╝╨░╤é╨╕╤ç╨╡╤ü╨║╨╛╨╡ ╨╛╨▒╨╜╨╛╨▓╨╗╨╡╨╜╨╕╨╡ ╨┐╤Ç╨╛╨┤╤â╨║╤é╨╛╨▓ Adobe (Reader, Photoshop ╨╕ ╨┤╤Ç.)"],"id":"36842073-3a10-4171-b2e7-35addafd153d","logsource":{"category":"process_creation","product":"windows"},"references":["https://attack.mitre.org/techniques/T1053/005/"],"tags":["attack.persistence","attack.t1053.005"]},{"group":"Sigma","kind":"individual","document":{"kind":"evtx","path":"C:\\lab\\evidence\\T1053.005-test1\\sysmon.evtx","data":{"Event":{"EventData":{"Image":"C:\\Windows\\System32\\schtasks.exe","RuleName":"-","Description":"Task Scheduler Configuration Tool","OriginalFileName":"schtasks.exe","TerminalSessionId":1,"ParentCommandLine":"\"cmd.exe\" /c schtasks /create /tn \"T1053_005_OnLogon\" /sc onlogon /tr \"cmd.exe /c calc.exe\" & schtasks /create /tn \"T1053_005_OnStartup\" /sc onstart /ru system /tr \"cmd.exe /c calc.exe\"","Product":"Microsoft┬« Windows┬« Operating System","Company":"Microsoft Corporation","ParentProcessId":10116,"ParentUser":"WINDOWS-10\\Windows-10","LogonGuid":"8D768B46-6C7E-6A99-DFA5-070000000000","Hashes":"MD5=2C400322E4F96C1FEDB0F890C7668C92,SHA256=2327E073DCF25AE03DC851EA0F3414980D3168FA959F42C5F77BE1381AE6C41D,IMPHASH=7C296BC1AA0738F0783F000C5982A642","ParentProcessGuid":"8D768B46-EAEE-6AAE-A308-000000002D00","ProcessId":9972,"CurrentDirectory":"C:\\Users\\WINDOW~1\\AppData\\Local\\Temp\\","ProcessGuid":"8D768B46-EB67-6AAE-A608-000000002D00","CommandLine":"schtasks  /create /tn \"T1053_005_OnStartup\" /sc onstart /ru system /tr \"cmd.exe /c calc.exe\"","FileVersion":"10.0.19041.5965 (WinBuild.160101.0800)","User":"WINDOWS-10\\Windows-10","LogonId":"0x7a5df","IntegrityLevel":"High","ParentImage":"C:\\Windows\\System32\\cmd.exe","UtcTime":"2026-09-19 20:07:03.105"},"System":{"EventID":1,"Level":4,"Provider_attributes":{"Name":"Microsoft-Windows-Sysmon","Guid":"5770385F-C22A-43E0-BF4C-06F5698FFBD9"},"Version":5,"Task":1,"Opcode":0,"TimeCreated_attributes":{"SystemTime":"2026-09-19T20:07:03.114777Z"},"Execution_attributes":{"ProcessID":8112,"ThreadID":4288},"Correlation":null,"Keywords":"0x8000000000000000","Security_attributes":{"UserID":"S-1-5-18"},"EventRecordID":2346,"Channel":"Microsoft-Windows-Sysmon/Operational","Computer":"windows-10"}},"Event_attributes":{"xmlns":"http://schemas.microsoft.com/win/2004/08/events/event"}}},"name":"Scheduled Task/Job Creation","timestamp":"2026-09-19T20:07:03.114777+00:00","authors":["Asadbek Mamatkarimov"],"level":"medium","source":"sigma","status":"experimental","falsepositives":["Windows Defender (Verification, CacheMaintenance, Cleanup) ΓÇö ╤Ç╨╡╨│╤â╨╗╤Å╤Ç╨╜╨╛╨╡ ╤ü╨║╨░╨╜╨╕╤Ç╨╛╨▓╨░╨╜╨╕╨╡ ╤ü╨╕╤ü╤é╨╡╨╝╤ï ╨░╨╜╤é╨╕╨▓╨╕╤Ç╤â╤ü╨╛╨╝ ┬½╨ù╨░╤ë╨╕╤é╨╜╨╕╨║ Windows┬╗, ╨╛╨▒╨╜╨╛╨▓╨╗╨╡╨╜╨╕╨╡ ╨╡╨│╨╛ ╨▒╨░╨╖ ╨╕ ╨╛╤ç╨╕╤ü╤é╨║╨░ ╨║╤ì╤ê╨░","Application Experience (Microsoft Compatibility Appraiser) ΓÇö ╤ü╨▒╨╛╤Ç ╨┤╨░╨╜╨╜╤ï╤à ╤é╨╡╨╗╨╡╨╝╨╡╤é╤Ç╨╕╨╕ ╨┤╨╗╤Å ╨╛╤å╨╡╨╜╨║╨╕ ╤ü╨╛╨▓╨╝╨╡╤ü╤é╨╕╨╝╨╛╤ü╤é╨╕ ╨┐╤Ç╨╕╨╗╨╛╨╢╨╡╨╜╨╕╨╣ (╤ç╨░╤ü╤é╨╛ ╨╜╨░╨│╤Ç╤â╨╢╨░╨╡╤é ╨┐╤Ç╨╛╤å╨╡╤ü╤ü╨╛╤Ç, ╨╜╨╛ ╤Å╨▓╨╗╤Å╨╡╤é╤ü╤Å ╨╗╨╡╨│╨╕╤é╨╕╨╝╨╜╤ï╨╝ ╨┐╤Ç╨╛╤å╨╡╤ü╤ü╨╛╨╝ Microsoft)","Google Update (GoogleUpdateTaskMachineUA, GoogleUpdateTaskMachineCore) ΓÇö ╨╛╨▒╨╜╨╛╨▓╨╗╨╡╨╜╨╕╨╡ ╨▒╤Ç╨░╤â╨╖╨╡╤Ç╨░ Google Chrome ╨╕ ╨┤╤Ç╤â╨│╨╕╤à ╤ü╨╡╤Ç╨▓╨╕╤ü╨╛╨▓ Google","Mozilla Maintenance Service ΓÇö ╨╛╨▒╨╜╨╛╨▓╨╗╨╡╨╜╨╕╨╡ ╨▒╤Ç╨░╤â╨╖╨╡╤Ç╨░ Firefox","Adobe Acrobat Update Task ΓÇö ╨░╨▓╤é╨╛╨╝╨░╤é╨╕╤ç╨╡╤ü╨║╨╛╨╡ ╨╛╨▒╨╜╨╛╨▓╨╗╨╡╨╜╨╕╨╡ ╨┐╤Ç╨╛╨┤╤â╨║╤é╨╛╨▓ Adobe (Reader, Photoshop ╨╕ ╨┤╤Ç.)"],"id":"36842073-3a10-4171-b2e7-35addafd153d","logsource":{"category":"process_creation","product":"windows"},"references":["https://attack.mitre.org/techniques/T1053/005/"],"tags":["attack.persistence","attack.t1053.005"]}]
